2026-06-30 01:39:21,093 - INFO - === Reference Sheet Extraction Started ===
2026-06-30 01:43:48,451 - INFO - === Reference Sheet Extraction Started ===
2026-06-30 01:43:48,451 - INFO - Authenticated with Google Sheets API
2026-06-30 01:49:12,662 - INFO - === Reference Sheet Extraction Started ===
2026-06-30 01:49:12,663 - INFO - Authenticated with Google Sheets API
2026-06-30 01:50:03,532 - INFO - === Reference Sheet Extraction Started ===
2026-06-30 01:50:03,532 - INFO - Authenticated with Google Sheets API
2026-06-30 01:52:44,025 - INFO - === Reference Sheet Extraction Started ===
2026-06-30 01:52:44,026 - INFO - Authenticated with Google Sheets API
2026-07-01 09:19:38,729 - INFO - === Reference Sheet Extraction Started ===
2026-07-01 09:19:38,731 - INFO - Authenticated with Google Sheets API
2026-07-01 09:21:23,426 - INFO - === Reference Sheet Extraction Started ===
2026-07-01 09:21:23,427 - INFO - Authenticated with Google Sheets API
2026-07-01 09:21:53,021 - INFO - === Reference Sheet Extraction Started ===
2026-07-01 09:21:53,022 - INFO - Authenticated with Google Sheets API
2026-07-01 09:48:32,804 - INFO - === Reference Sheet Extraction Started ===
2026-07-01 09:48:32,805 - INFO - Authenticated with Google Sheets API
2026-07-01 11:20:27,145 - INFO - === Reference Sheet Extraction Started ===
2026-07-01 11:20:27,147 - INFO - Authenticated with Google Sheets API
2026-07-01 11:23:07,385 - INFO - === Reference Sheet Extraction Started ===
2026-07-01 11:23:07,385 - INFO - Authenticated with Google Sheets API
2026-07-01 11:23:07,428 - INFO - Connected to PostgreSQL
2026-07-01 11:23:07,428 - INFO - Extracting sheet: products_master
2026-07-01 11:23:07,451 - ERROR - Failed on products_master: HTTPSConnectionPool(host='sheets.googleapis.com', port=443): Max retries exceeded with url: /v4/spreadsheets/1oDXxaZLD2KP1U4bfxtY9YiipIaA2FABDL19adSCw2rk?includeGridData=false (Caused by NameResolutionError("HTTPSConnection(host='sheets.googleapis.com', port=443): Failed to resolve 'sheets.googleapis.com' ([Errno 11001] getaddrinfo failed)"))
2026-07-01 11:23:07,451 - INFO - Extracting sheet: managers_master
2026-07-01 11:23:07,457 - ERROR - Failed on managers_master: HTTPSConnectionPool(host='sheets.googleapis.com', port=443): Max retries exceeded with url: /v4/spreadsheets/1shTuXYx7jrUOi6aXWDHfFwTI_1sQCGuIAngOk_UxpkM?includeGridData=false (Caused by NameResolutionError("HTTPSConnection(host='sheets.googleapis.com', port=443): Failed to resolve 'sheets.googleapis.com' ([Errno 11001] getaddrinfo failed)"))
2026-07-01 11:23:07,457 - INFO - Extracting sheet: Stores_master
2026-07-01 11:23:07,460 - ERROR - Failed on Stores_master: HTTPSConnectionPool(host='sheets.googleapis.com', port=443): Max retries exceeded with url: /v4/spreadsheets/1VLadzdv5sba3iFEg8Un2OkE_tlnFeNaHg2YxWvH8Az8?includeGridData=false (Caused by NameResolutionError("HTTPSConnection(host='sheets.googleapis.com', port=443): Failed to resolve 'sheets.googleapis.com' ([Errno 11001] getaddrinfo failed)"))
2026-07-01 11:23:07,461 - INFO - Extracting sheet: Staff_master
2026-07-01 11:23:07,463 - ERROR - Failed on Staff_master: HTTPSConnectionPool(host='sheets.googleapis.com', port=443): Max retries exceeded with url: /v4/spreadsheets/1iR3ghJkSiEV11ZrVtcvCKbwRhke9HeictvA6f-sVEZ0?includeGridData=false (Caused by NameResolutionError("HTTPSConnection(host='sheets.googleapis.com', port=443): Failed to resolve 'sheets.googleapis.com' ([Errno 11001] getaddrinfo failed)"))
2026-07-01 11:23:07,464 - INFO - === Extraction Complete ===
2026-07-01 11:25:15,255 - INFO - === Reference Sheet Extraction Started ===
2026-07-01 11:25:15,256 - INFO - Authenticated with Google Sheets API
2026-07-01 11:25:15,316 - INFO - Connected to PostgreSQL
2026-07-01 11:25:15,344 - INFO - Extracting sheet: products_master
2026-07-01 11:25:16,322 - ERROR - Failed on products_master: products_master
2026-07-01 11:25:16,322 - INFO - Extracting sheet: managers_master
2026-07-01 11:25:16,873 - ERROR - Failed on managers_master: managers_master
2026-07-01 11:25:16,873 - INFO - Extracting sheet: Stores_master
2026-07-01 11:25:17,407 - ERROR - Failed on Stores_master: Stores_master
2026-07-01 11:25:17,407 - INFO - Extracting sheet: Staff_master
2026-07-01 11:25:18,214 - ERROR - Failed on Staff_master: Staff_master
2026-07-01 11:25:18,214 - INFO - === Extraction Complete ===
2026-07-01 11:33:14,992 - INFO - === Reference Sheet Extraction Started ===
2026-07-01 11:33:14,993 - INFO - Authenticated with Google Sheets API
2026-07-01 11:33:15,107 - INFO - Connected to PostgreSQL
2026-07-01 11:33:15,109 - INFO - Extracting sheet: MeridianMart_products_master
2026-07-01 11:33:15,860 - ERROR - Failed on MeridianMart_products_master: MeridianMart_products_master
2026-07-01 11:33:15,863 - INFO - Extracting sheet: managers_master
2026-07-01 11:33:16,365 - ERROR - Failed on managers_master: managers_master
2026-07-01 11:33:16,366 - INFO - Extracting sheet: MeridianMart_Stores_master
2026-07-01 11:33:16,774 - ERROR - Failed on MeridianMart_Stores_master: MeridianMart_Stores_master
2026-07-01 11:33:16,775 - INFO - Extracting sheet: Staff_master
2026-07-01 11:33:17,267 - ERROR - Failed on Staff_master: Staff_master
2026-07-01 11:33:17,268 - INFO - === Extraction Complete ===
2026-07-01 11:35:33,401 - INFO - === Reference Sheet Extraction Started ===
2026-07-01 11:35:33,402 - INFO - Authenticated with Google Sheets API
2026-07-01 11:35:33,443 - INFO - Connected to PostgreSQL
2026-07-01 11:35:33,444 - INFO - Extracting sheet: MeridianMart_products_master
2026-07-01 11:35:34,083 - ERROR - Failed on MeridianMart_products_master: MeridianMart_products_master
2026-07-01 11:35:34,085 - INFO - Extracting sheet: MeridianMart_managers_master
2026-07-01 11:35:34,552 - ERROR - Failed on MeridianMart_managers_master: MeridianMart_managers_master
2026-07-01 11:35:34,553 - INFO - Extracting sheet: MeridianMart_Stores_master
2026-07-01 11:35:34,949 - ERROR - Failed on MeridianMart_Stores_master: MeridianMart_Stores_master
2026-07-01 11:35:34,950 - INFO - Extracting sheet: Staff_master
2026-07-01 11:35:35,458 - ERROR - Failed on Staff_master: Staff_master
2026-07-01 11:35:35,459 - INFO - === Extraction Complete ===
2026-07-01 11:49:42,738 - INFO - === Reference Sheet Extraction Started ===
2026-07-01 11:49:42,739 - INFO - Authenticated with Google Sheets API
2026-07-01 11:49:42,828 - INFO - Connected to PostgreSQL
2026-07-01 11:49:42,828 - INFO - Extracting sheet: MeridianMart_products_master
2026-07-01 11:49:43,606 - ERROR - Failed on MeridianMart_products_master: WorksheetNotFound: MeridianMart_products_master
2026-07-01 11:49:43,607 - INFO - Extracting sheet: MeridianMart_managers_master
2026-07-01 11:49:44,134 - ERROR - Failed on MeridianMart_managers_master: WorksheetNotFound: MeridianMart_managers_master
2026-07-01 11:49:44,135 - INFO - Extracting sheet: MeridianMart_Stores_master
2026-07-01 11:49:45,121 - ERROR - Failed on MeridianMart_Stores_master: WorksheetNotFound: MeridianMart_Stores_master
2026-07-01 11:49:45,122 - INFO - Extracting sheet: Staff_master
2026-07-01 11:49:46,073 - ERROR - Failed on Staff_master: WorksheetNotFound: Staff_master
2026-07-01 11:49:46,074 - INFO - === Extraction Complete ===
2026-07-01 11:52:26,563 - INFO - === Reference Sheet Extraction Started ===
2026-07-01 11:52:26,564 - INFO - Authenticated with Google Sheets API
2026-07-01 11:52:26,605 - INFO - Connected to PostgreSQL
2026-07-01 11:52:26,605 - INFO - Extracting sheet: MeridianMart_Products_Master
2026-07-01 11:52:27,731 - INFO -   65 rows fetched from MeridianMart_Products_Master
2026-07-01 11:52:27,753 - INFO -   Truncated raw.products
2026-07-01 11:52:27,754 - ERROR - Failed on MeridianMart_Products_Master: NameError: name 'execute_values' is not defined
2026-07-01 11:52:27,760 - INFO - Extracting sheet: MeridianMart_Managers_Master
2026-07-01 11:52:28,564 - INFO -   25 rows fetched from MeridianMart_Managers_Master
2026-07-01 11:52:28,571 - INFO -   Truncated raw.managers
2026-07-01 11:52:28,572 - ERROR - Failed on MeridianMart_Managers_Master: NameError: name 'execute_values' is not defined
2026-07-01 11:52:28,575 - INFO - Extracting sheet: MeridianMart_Stores_Master
2026-07-01 11:52:29,284 - INFO -   11 rows fetched from MeridianMart_Stores_Master
2026-07-01 11:52:29,290 - INFO -   Truncated raw.stores
2026-07-01 11:52:29,290 - ERROR - Failed on MeridianMart_Stores_Master: NameError: name 'execute_values' is not defined
2026-07-01 11:52:29,294 - INFO - Extracting sheet: Staff_master
2026-07-01 11:52:29,689 - ERROR - Failed on Staff_master: WorksheetNotFound: Staff_master
2026-07-01 11:52:29,690 - INFO - === Extraction Complete ===
2026-07-01 11:57:56,539 - INFO - === Reference Sheet Extraction Started ===
2026-07-01 11:57:56,540 - INFO - Authenticated with Google Sheets API
2026-07-01 11:57:56,582 - INFO - Connected to PostgreSQL
2026-07-01 11:57:56,583 - INFO - Extracting sheet: MeridianMart_Products_Master
2026-07-01 11:57:57,731 - INFO -   65 rows fetched from MeridianMart_Products_Master
2026-07-01 11:57:57,738 - INFO -   Truncated raw.products
2026-07-01 11:57:57,757 - INFO -   65 rows loaded into raw.products
2026-07-01 11:57:57,758 - ERROR - Failed on MeridianMart_Products_Master: NameError: name 'datetime' is not defined
2026-07-01 11:57:57,759 - INFO - Extracting sheet: MeridianMart_Managers_Master
2026-07-01 11:57:58,665 - INFO -   25 rows fetched from MeridianMart_Managers_Master
2026-07-01 11:57:58,670 - INFO -   Truncated raw.managers
2026-07-01 11:57:58,678 - INFO -   25 rows loaded into raw.managers
2026-07-01 11:57:58,678 - ERROR - Failed on MeridianMart_Managers_Master: NameError: name 'datetime' is not defined
2026-07-01 11:57:58,679 - INFO - Extracting sheet: MeridianMart_Stores_Master
2026-07-01 11:57:59,325 - INFO -   11 rows fetched from MeridianMart_Stores_Master
2026-07-01 11:57:59,331 - INFO -   Truncated raw.stores
2026-07-01 11:57:59,336 - INFO -   11 rows loaded into raw.stores
2026-07-01 11:57:59,336 - ERROR - Failed on MeridianMart_Stores_Master: NameError: name 'datetime' is not defined
2026-07-01 11:57:59,337 - INFO - Extracting sheet: Staff_master
2026-07-01 11:57:59,886 - ERROR - Failed on Staff_master: WorksheetNotFound: Staff_master
2026-07-01 11:57:59,887 - INFO - === Extraction Complete ===
2026-07-01 12:01:23,439 - INFO - === Reference Sheet Extraction Started ===
2026-07-01 12:01:23,440 - INFO - Authenticated with Google Sheets API
2026-07-01 12:01:23,484 - INFO - Connected to PostgreSQL
2026-07-01 12:01:23,485 - INFO - Extracting sheet: MeridianMart_Products_Master
2026-07-01 12:01:24,353 - INFO -   65 rows fetched from MeridianMart_Products_Master
2026-07-01 12:01:24,360 - INFO -   Truncated raw.products
2026-07-01 12:01:24,372 - INFO -   65 rows loaded into raw.products
2026-07-01 12:01:24.374230 | raw.products | 65 rows loaded
2026-07-01 12:01:24,375 - INFO - Extracting sheet: MeridianMart_Managers_Master
2026-07-01 12:01:25,053 - INFO -   25 rows fetched from MeridianMart_Managers_Master
2026-07-01 12:01:25,057 - INFO -   Truncated raw.managers
2026-07-01 12:01:25,062 - INFO -   25 rows loaded into raw.managers
2026-07-01 12:01:25.062810 | raw.managers | 25 rows loaded
2026-07-01 12:01:25,063 - INFO - Extracting sheet: MeridianMart_Stores_Master
2026-07-01 12:01:25,836 - INFO -   11 rows fetched from MeridianMart_Stores_Master
2026-07-01 12:01:25,840 - INFO -   Truncated raw.stores
2026-07-01 12:01:25,845 - INFO -   11 rows loaded into raw.stores
2026-07-01 12:01:25.846317 | raw.stores | 11 rows loaded
2026-07-01 12:01:25,846 - INFO - Extracting sheet: Staff_master
2026-07-01 12:01:26,308 - ERROR - Failed on Staff_master: WorksheetNotFound: Staff_master
2026-07-01 12:01:26,309 - INFO - === Extraction Complete ===
2026-07-01 12:02:33,614 - INFO - === Reference Sheet Extraction Started ===
2026-07-01 12:02:33,615 - INFO - Authenticated with Google Sheets API
2026-07-01 12:02:33,666 - INFO - Connected to PostgreSQL
2026-07-01 12:02:33,666 - INFO - Extracting sheet: MeridianMart_Products_Master
2026-07-01 12:02:35,642 - INFO -   65 rows fetched from MeridianMart_Products_Master
2026-07-01 12:02:35,647 - INFO -   Truncated raw.products
2026-07-01 12:02:35,653 - INFO -   65 rows loaded into raw.products
2026-07-01 12:02:35.654405 | raw.products | 65 rows loaded
2026-07-01 12:02:35,654 - INFO - Extracting sheet: MeridianMart_Managers_Master
2026-07-01 12:02:37,702 - INFO -   25 rows fetched from MeridianMart_Managers_Master
2026-07-01 12:02:37,707 - INFO -   Truncated raw.managers
2026-07-01 12:02:37,712 - INFO -   25 rows loaded into raw.managers
2026-07-01 12:02:37.713573 | raw.managers | 25 rows loaded
2026-07-01 12:02:37,713 - INFO - Extracting sheet: MeridianMart_Stores_Master
2026-07-01 12:02:38,584 - INFO -   11 rows fetched from MeridianMart_Stores_Master
2026-07-01 12:02:38,589 - INFO -   Truncated raw.stores
2026-07-01 12:02:38,594 - INFO -   11 rows loaded into raw.stores
2026-07-01 12:02:38.595215 | raw.stores | 11 rows loaded
2026-07-01 12:02:38,595 - INFO - Extracting sheet: MeridianMart_Staff_Master
2026-07-01 12:02:39,838 - INFO -   90 rows fetched from MeridianMart_Staff_Master
2026-07-01 12:02:39,843 - INFO -   Truncated raw.staff
2026-07-01 12:02:39,852 - INFO -   90 rows loaded into raw.staff
2026-07-01 12:02:39.853676 | raw.staff | 90 rows loaded
2026-07-01 12:02:39,854 - INFO - === Extraction Complete ===
2026-07-06 00:50:12,374 - INFO - === Store Sheet Extraction Started ===
2026-07-06 00:50:12,376 - INFO - Authenticated with Google Sheets API
2026-07-06 00:50:12,475 - INFO - Connected to PostgreSQL
2026-07-06 00:50:12,498 - INFO - Truncated raw.transactions
2026-07-06 00:50:12,499 - INFO - Extracting sheet: MeridianMart_GoogleForm_SalesLog_S001_June1-15
2026-07-06 00:50:14,232 - INFO -   5053 rows fetched from MeridianMart_GoogleForm_SalesLog_S001_June1-15
2026-07-06 00:53:01,843 - INFO - === Store Sheet Extraction Started ===
2026-07-06 00:53:01,844 - INFO - Authenticated with Google Sheets API
2026-07-06 00:53:01,886 - INFO - Connected to PostgreSQL
2026-07-06 00:53:01,893 - INFO - Truncated raw.transactions
2026-07-06 00:53:01,893 - INFO - Extracting sheet: MeridianMart_GoogleForm_SalesLog_S001_June1-15
2026-07-06 00:53:03,046 - INFO -   5053 rows fetched from MeridianMart_GoogleForm_SalesLog_S001_June1-15
2026-07-06 00:53:03,064 - ERROR - Failed on S001: UndefinedColumn: column "transaction_id" of relation "transactions" does not exist
LINE 2:         INSERT INTO raw.transactions (transaction_id, date, ...
                                              ^

2026-07-06 00:53:03,065 - INFO - Extracting sheet: MeridianMart_Googleform_SalesLog_S002_June1-15
2026-07-06 00:53:03,614 - ERROR - Failed on S002: WorksheetNotFound: MeridianMart_Googleform_SalesLog_S002_June1-15
2026-07-06 00:53:03,615 - INFO - Extracting sheet: MeridianMart_GoogleForm_SalesLog_S003_June1-15
2026-07-06 00:53:05,969 - INFO -   5044 rows fetched from MeridianMart_GoogleForm_SalesLog_S003_June1-15
2026-07-06 00:53:05,988 - ERROR - Failed on S003: UndefinedColumn: column "transaction_id" of relation "transactions" does not exist
LINE 2:         INSERT INTO raw.transactions (transaction_id, date, ...
                                              ^

2026-07-06 00:53:05,989 - INFO - Extracting sheet: MeridianMart_GoogleForm_SalesLog_S004_June1-15
2026-07-06 00:53:07,686 - INFO -   5163 rows fetched from MeridianMart_GoogleForm_SalesLog_S004_June1-15
2026-07-06 00:53:07,703 - ERROR - Failed on S004: UndefinedColumn: column "transaction_id" of relation "transactions" does not exist
LINE 2:         INSERT INTO raw.transactions (transaction_id, date, ...
                                              ^

2026-07-06 00:53:07,704 - INFO - Extracting sheet: MeridianMart_GoogleForm_SalesLog_S005_June1-15
2026-07-06 00:53:10,648 - INFO -   5084 rows fetched from MeridianMart_GoogleForm_SalesLog_S005_June1-15
2026-07-06 00:53:10,665 - ERROR - Failed on S005: UndefinedColumn: column "transaction_id" of relation "transactions" does not exist
LINE 2:         INSERT INTO raw.transactions (transaction_id, date, ...
                                              ^

2026-07-06 00:53:10,666 - INFO - Extracting sheet: MeridianMart_GoogleForm_SalesLog_S006_June1-15
2026-07-06 00:53:12,689 - INFO -   5097 rows fetched from MeridianMart_GoogleForm_SalesLog_S006_June1-15
2026-07-06 00:53:12,706 - ERROR - Failed on S006: UndefinedColumn: column "transaction_id" of relation "transactions" does not exist
LINE 2:         INSERT INTO raw.transactions (transaction_id, date, ...
                                              ^

2026-07-06 00:53:12,707 - INFO - Extracting sheet: MeridianMart_GoogleForm_SalesLog_S007_June1-15
2026-07-06 00:53:14,857 - INFO -   5055 rows fetched from MeridianMart_GoogleForm_SalesLog_S007_June1-15
2026-07-06 00:53:14,877 - ERROR - Failed on S007: UndefinedColumn: column "transaction_id" of relation "transactions" does not exist
LINE 2:         INSERT INTO raw.transactions (transaction_id, date, ...
                                              ^

2026-07-06 00:53:14,878 - INFO - Extracting sheet: MeridianMart_GoogleForm_SalesLog_S008_June1-15
2026-07-06 00:53:16,815 - INFO -   5204 rows fetched from MeridianMart_GoogleForm_SalesLog_S008_June1-15
2026-07-06 00:53:16,836 - ERROR - Failed on S008: UndefinedColumn: column "transaction_id" of relation "transactions" does not exist
LINE 2:         INSERT INTO raw.transactions (transaction_id, date, ...
                                              ^

2026-07-06 00:53:16,837 - INFO - Extracting sheet: MeridianMart_GoogleForm_SalesLog_S009_June1-15
2026-07-06 00:53:19,493 - INFO -   5014 rows fetched from MeridianMart_GoogleForm_SalesLog_S009_June1-15
2026-07-06 00:53:19,513 - ERROR - Failed on S009: UndefinedColumn: column "transaction_id" of relation "transactions" does not exist
LINE 2:         INSERT INTO raw.transactions (transaction_id, date, ...
                                              ^

2026-07-06 00:53:19,514 - INFO - Extracting sheet: MeridianMart_GoogleFormS_alesLog_S010_June1-15
2026-07-06 00:53:21,291 - ERROR - Failed on S010: WorksheetNotFound: MeridianMart_GoogleFormS_alesLog_S010_June1-15
2026-07-06 00:53:21,291 - INFO - Extracting sheet: MeridianMart_GoogleForm_SalesLog_S011_June1-15
2026-07-06 00:53:23,567 - INFO -   4989 rows fetched from MeridianMart_GoogleForm_SalesLog_S011_June1-15
2026-07-06 00:53:23,585 - ERROR - Failed on S011: UndefinedColumn: column "transaction_id" of relation "transactions" does not exist
LINE 2:         INSERT INTO raw.transactions (transaction_id, date, ...
                                              ^

2026-07-06 00:53:23,586 - INFO - === Extraction Complete: 0 total rows loaded ===
2026-07-06 01:01:58,293 - INFO - === Store Sheet Extraction Started ===
2026-07-06 01:01:58,295 - INFO - Authenticated with Google Sheets API
2026-07-06 01:01:58,370 - INFO - Connected to PostgreSQL
2026-07-06 01:01:58,380 - INFO - Truncated raw.transactions
2026-07-06 01:01:58,380 - INFO - Extracting sheet: MeridianMart_GoogleForm_SalesLog_S001_June1-15
2026-07-06 01:02:00,119 - INFO -   5053 rows fetched from MeridianMart_GoogleForm_SalesLog_S001_June1-15
2026-07-06 01:02:00,245 - INFO -   5053 rows inserted into raw.transactions
2026-07-06 01:02:00,246 - INFO - Extracting sheet: MeridianMart_Googleform_SalesLog_S002_June1-15
2026-07-06 01:02:00,609 - ERROR - Failed on S002: WorksheetNotFound: MeridianMart_Googleform_SalesLog_S002_June1-15
2026-07-06 01:02:00,609 - INFO - Extracting sheet: MeridianMart_GoogleForm_SalesLog_S003_June1-15
2026-07-06 01:02:03,141 - INFO -   5044 rows fetched from MeridianMart_GoogleForm_SalesLog_S003_June1-15
2026-07-06 01:02:03,321 - INFO -   5044 rows inserted into raw.transactions
2026-07-06 01:02:03,322 - INFO - Extracting sheet: MeridianMart_GoogleForm_SalesLog_S004_June1-15
2026-07-06 01:02:04,352 - INFO -   5163 rows fetched from MeridianMart_GoogleForm_SalesLog_S004_June1-15
2026-07-06 01:02:04,449 - INFO -   5163 rows inserted into raw.transactions
2026-07-06 01:02:04,450 - INFO - Extracting sheet: MeridianMart_GoogleForm_SalesLog_S005_June1-15
2026-07-06 01:02:07,229 - INFO -   5084 rows fetched from MeridianMart_GoogleForm_SalesLog_S005_June1-15
2026-07-06 01:02:07,327 - INFO -   5084 rows inserted into raw.transactions
2026-07-06 01:02:07,327 - INFO - Extracting sheet: MeridianMart_GoogleForm_SalesLog_S006_June1-15
2026-07-06 01:02:08,825 - INFO -   5097 rows fetched from MeridianMart_GoogleForm_SalesLog_S006_June1-15
2026-07-06 01:02:08,923 - INFO -   5097 rows inserted into raw.transactions
2026-07-06 01:02:08,924 - INFO - Extracting sheet: MeridianMart_GoogleForm_SalesLog_S007_June1-15
2026-07-06 01:02:10,108 - INFO -   5055 rows fetched from MeridianMart_GoogleForm_SalesLog_S007_June1-15
2026-07-06 01:02:10,192 - INFO -   5055 rows inserted into raw.transactions
2026-07-06 01:02:10,193 - INFO - Extracting sheet: MeridianMart_GoogleForm_SalesLog_S008_June1-15
2026-07-06 01:02:11,436 - INFO -   5204 rows fetched from MeridianMart_GoogleForm_SalesLog_S008_June1-15
2026-07-06 01:02:11,574 - INFO -   5204 rows inserted into raw.transactions
2026-07-06 01:02:11,575 - INFO - Extracting sheet: MeridianMart_GoogleForm_SalesLog_S009_June1-15
2026-07-06 01:02:14,271 - INFO -   5014 rows fetched from MeridianMart_GoogleForm_SalesLog_S009_June1-15
2026-07-06 01:02:14,386 - INFO -   5014 rows inserted into raw.transactions
2026-07-06 01:02:14,387 - INFO - Extracting sheet: MeridianMart_GoogleFormS_alesLog_S010_June1-15
2026-07-06 01:02:16,114 - ERROR - Failed on S010: WorksheetNotFound: MeridianMart_GoogleFormS_alesLog_S010_June1-15
2026-07-06 01:02:16,114 - INFO - Extracting sheet: MeridianMart_GoogleForm_SalesLog_S011_June1-15
2026-07-06 01:02:17,907 - INFO -   4989 rows fetched from MeridianMart_GoogleForm_SalesLog_S011_June1-15
2026-07-06 01:02:18,001 - INFO -   4989 rows inserted into raw.transactions
2026-07-06 01:02:18,002 - INFO - === Extraction Complete: 45703 total rows loaded ===
2026-07-06 01:11:33,529 - INFO - === Store Sheet Extraction Started ===
2026-07-06 01:11:33,530 - INFO - Authenticated with Google Sheets API
2026-07-06 01:11:33,569 - INFO - Connected to PostgreSQL
2026-07-06 01:11:33,601 - INFO - Truncated raw.transactions
2026-07-06 01:11:33,616 - INFO - Extracting sheet: MeridianMart_GoogleForm_SalesLog_S001_June1-15
2026-07-06 01:11:35,193 - INFO -   5053 rows fetched from MeridianMart_GoogleForm_SalesLog_S001_June1-15
2026-07-06 01:11:35,214 - ERROR - Failed on S001: SyntaxError: syntax error at or near "ID"
LINE 2: ...   INSERT INTO raw.transactions (Timestamp, Store ID, Staff ...
                                                             ^

2026-07-06 01:11:35,215 - INFO - Extracting sheet: MeridianMart_Googleform_SalesLog_S002_June1-15
2026-07-06 01:11:35,881 - ERROR - Failed on S002: WorksheetNotFound: MeridianMart_Googleform_SalesLog_S002_June1-15
2026-07-06 01:11:35,882 - INFO - Extracting sheet: MeridianMart_GoogleForm_SalesLog_S003_June1-15
2026-07-06 01:11:38,439 - INFO -   5044 rows fetched from MeridianMart_GoogleForm_SalesLog_S003_June1-15
2026-07-06 01:11:38,454 - ERROR - Failed on S003: SyntaxError: syntax error at or near "ID"
LINE 2: ...   INSERT INTO raw.transactions (Timestamp, Store ID, Staff ...
                                                             ^

2026-07-06 01:11:38,455 - INFO - Extracting sheet: MeridianMart_GoogleForm_SalesLog_S004_June1-15
2026-07-06 01:11:39,946 - INFO -   5163 rows fetched from MeridianMart_GoogleForm_SalesLog_S004_June1-15
2026-07-06 01:11:39,962 - ERROR - Failed on S004: SyntaxError: syntax error at or near "ID"
LINE 2: ...   INSERT INTO raw.transactions (Timestamp, Store ID, Staff ...
                                                             ^

2026-07-06 01:11:39,963 - INFO - Extracting sheet: MeridianMart_GoogleForm_SalesLog_S005_June1-15
2026-07-06 01:11:42,790 - INFO -   5084 rows fetched from MeridianMart_GoogleForm_SalesLog_S005_June1-15
2026-07-06 01:11:42,807 - ERROR - Failed on S005: SyntaxError: syntax error at or near "ID"
LINE 2: ...   INSERT INTO raw.transactions (Timestamp, Store ID, Staff ...
                                                             ^

2026-07-06 01:11:42,808 - INFO - Extracting sheet: MeridianMart_GoogleForm_SalesLog_S006_June1-15
2026-07-06 01:11:44,077 - INFO -   5097 rows fetched from MeridianMart_GoogleForm_SalesLog_S006_June1-15
2026-07-06 01:11:44,097 - ERROR - Failed on S006: SyntaxError: syntax error at or near "ID"
LINE 2: ...   INSERT INTO raw.transactions (Timestamp, Store ID, Staff ...
                                                             ^

2026-07-06 01:11:44,098 - INFO - Extracting sheet: MeridianMart_GoogleForm_SalesLog_S007_June1-15
2026-07-06 01:11:45,197 - INFO -   5055 rows fetched from MeridianMart_GoogleForm_SalesLog_S007_June1-15
2026-07-06 01:11:45,213 - ERROR - Failed on S007: SyntaxError: syntax error at or near "ID"
LINE 2: ...   INSERT INTO raw.transactions (Timestamp, Store ID, Staff ...
                                                             ^

2026-07-06 01:11:45,213 - INFO - Extracting sheet: MeridianMart_GoogleForm_SalesLog_S008_June1-15
2026-07-06 01:11:46,358 - INFO -   5204 rows fetched from MeridianMart_GoogleForm_SalesLog_S008_June1-15
2026-07-06 01:11:46,377 - ERROR - Failed on S008: SyntaxError: syntax error at or near "ID"
LINE 2: ...   INSERT INTO raw.transactions (Timestamp, Store ID, Staff ...
                                                             ^

2026-07-06 01:11:46,379 - INFO - Extracting sheet: MeridianMart_GoogleForm_SalesLog_S009_June1-15
2026-07-06 01:11:49,023 - INFO -   5014 rows fetched from MeridianMart_GoogleForm_SalesLog_S009_June1-15
2026-07-06 01:11:49,046 - ERROR - Failed on S009: SyntaxError: syntax error at or near "ID"
LINE 2: ...   INSERT INTO raw.transactions (Timestamp, Store ID, Staff ...
                                                             ^

2026-07-06 01:11:49,047 - INFO - Extracting sheet: MeridianMart_GoogleFormS_alesLog_S010_June1-15
2026-07-06 01:11:50,278 - ERROR - Failed on S010: WorksheetNotFound: MeridianMart_GoogleFormS_alesLog_S010_June1-15
2026-07-06 01:11:50,278 - INFO - Extracting sheet: MeridianMart_GoogleForm_SalesLog_S011_June1-15
2026-07-06 01:11:51,994 - INFO -   4989 rows fetched from MeridianMart_GoogleForm_SalesLog_S011_June1-15
2026-07-06 01:11:52,010 - ERROR - Failed on S011: SyntaxError: syntax error at or near "ID"
LINE 2: ...   INSERT INTO raw.transactions (Timestamp, Store ID, Staff ...
                                                             ^

2026-07-06 01:11:52,011 - INFO - === Extraction Complete: 0 total rows loaded ===
2026-07-06 22:47:42,486 - INFO - === Store Sheet Extraction Started ===
2026-07-06 22:47:42,488 - INFO - Authenticated with Google Sheets API
2026-07-06 22:47:42,656 - INFO - Connected to PostgreSQL
2026-07-06 22:47:42,679 - INFO - Truncated raw.transactions
2026-07-06 22:47:42,679 - INFO - Extracting sheet: MeridianMart_GoogleForm_SalesLog_S001_June1-15
2026-07-06 22:47:44,746 - INFO -   5053 rows fetched from MeridianMart_GoogleForm_SalesLog_S001_June1-15
2026-07-06 22:47:44,870 - INFO -   5053 rows inserted into raw.transactions
2026-07-06 22:47:44,871 - INFO - Extracting sheet: MeridianMart_Googleform_SalesLog_S002_June1-15
2026-07-06 22:47:47,526 - ERROR - Failed on S002: WorksheetNotFound: MeridianMart_Googleform_SalesLog_S002_June1-15
2026-07-06 22:47:47,527 - INFO - Extracting sheet: MeridianMart_GoogleForm_SalesLog_S003_June1-15
2026-07-06 22:47:49,211 - INFO -   5044 rows fetched from MeridianMart_GoogleForm_SalesLog_S003_June1-15
2026-07-06 22:47:49,361 - INFO -   5044 rows inserted into raw.transactions
2026-07-06 22:47:49,362 - INFO - Extracting sheet: MeridianMart_GoogleForm_SalesLog_S004_June1-15
2026-07-06 22:47:50,671 - INFO -   5163 rows fetched from MeridianMart_GoogleForm_SalesLog_S004_June1-15
2026-07-06 22:47:50,801 - INFO -   5163 rows inserted into raw.transactions
2026-07-06 22:47:50,803 - INFO - Extracting sheet: MeridianMart_GoogleForm_SalesLog_S005_June1-15
2026-07-06 22:47:53,503 - INFO -   5084 rows fetched from MeridianMart_GoogleForm_SalesLog_S005_June1-15
2026-07-06 22:47:53,631 - INFO -   5084 rows inserted into raw.transactions
2026-07-06 22:47:53,632 - INFO - Extracting sheet: MeridianMart_GoogleForm_SalesLog_S006_June1-15
2026-07-06 22:47:55,652 - INFO -   5097 rows fetched from MeridianMart_GoogleForm_SalesLog_S006_June1-15
2026-07-06 22:47:55,803 - INFO -   5097 rows inserted into raw.transactions
2026-07-06 22:47:55,805 - INFO - Extracting sheet: MeridianMart_GoogleForm_SalesLog_S007_June1-15
2026-07-06 22:47:58,247 - INFO -   5055 rows fetched from MeridianMart_GoogleForm_SalesLog_S007_June1-15
2026-07-06 22:47:58,374 - INFO -   5055 rows inserted into raw.transactions
2026-07-06 22:47:58,375 - INFO - Extracting sheet: MeridianMart_GoogleForm_SalesLog_S008_June1-15
2026-07-06 22:47:59,458 - INFO -   5204 rows fetched from MeridianMart_GoogleForm_SalesLog_S008_June1-15
2026-07-06 22:47:59,555 - INFO -   5204 rows inserted into raw.transactions
2026-07-06 22:47:59,556 - INFO - Extracting sheet: MeridianMart_GoogleForm_SalesLog_S009_June1-15
2026-07-06 22:48:02,239 - INFO -   5014 rows fetched from MeridianMart_GoogleForm_SalesLog_S009_June1-15
2026-07-06 22:48:02,359 - INFO -   5014 rows inserted into raw.transactions
2026-07-06 22:48:02,360 - INFO - Extracting sheet: MeridianMart_GoogleFormS_alesLog_S010_June1-15
2026-07-06 22:48:03,579 - ERROR - Failed on S010: WorksheetNotFound: MeridianMart_GoogleFormS_alesLog_S010_June1-15
2026-07-06 22:48:03,580 - INFO - Extracting sheet: MeridianMart_GoogleForm_SalesLog_S011_June1-15
2026-07-06 22:48:05,155 - INFO -   4989 rows fetched from MeridianMart_GoogleForm_SalesLog_S011_June1-15
2026-07-06 22:48:05,309 - INFO -   4989 rows inserted into raw.transactions
2026-07-06 22:48:05,310 - INFO - === Extraction Complete: 45703 total rows loaded ===
2026-07-06 23:04:45,350 - INFO - === Store Sheet Extraction Started ===
2026-07-06 23:04:45,351 - INFO - Authenticated with Google Sheets API
2026-07-06 23:04:45,405 - INFO - Connected to PostgreSQL
2026-07-06 23:04:45,438 - INFO - Truncated raw.transactions
2026-07-06 23:04:45,439 - INFO - Extracting sheet: MeridianMart_GoogleForm_SalesLog_S001_June1-15
2026-07-06 23:04:47,981 - INFO -   5053 rows fetched from MeridianMart_GoogleForm_SalesLog_S001_June1-15
2026-07-06 23:04:48,008 - ERROR - Failed on S001: UndefinedColumn: column "customer_phone" of relation "transactions" does not exist
LINE 2: ...ons (timestamp, store_id, staff_name, receipt_no, customer_p...
                                                             ^

2026-07-06 23:04:48,010 - INFO - Extracting sheet: MeridianMart_Googleform_SalesLog_S002_June1-15
2026-07-06 23:04:48,960 - ERROR - Failed on S002: WorksheetNotFound: MeridianMart_Googleform_SalesLog_S002_June1-15
2026-07-06 23:04:48,962 - INFO - Extracting sheet: MeridianMart_GoogleForm_SalesLog_S003_June1-15
2026-07-06 23:04:51,156 - INFO -   5044 rows fetched from MeridianMart_GoogleForm_SalesLog_S003_June1-15
2026-07-06 23:04:51,173 - ERROR - Failed on S003: UndefinedColumn: column "customer_phone" of relation "transactions" does not exist
LINE 2: ...ons (timestamp, store_id, staff_name, receipt_no, customer_p...
                                                             ^

2026-07-06 23:04:51,174 - INFO - Extracting sheet: MeridianMart_GoogleForm_SalesLog_S004_June1-15
2026-07-06 23:04:53,836 - INFO -   5163 rows fetched from MeridianMart_GoogleForm_SalesLog_S004_June1-15
2026-07-06 23:04:53,859 - ERROR - Failed on S004: UndefinedColumn: column "customer_phone" of relation "transactions" does not exist
LINE 2: ...ons (timestamp, store_id, staff_name, receipt_no, customer_p...
                                                             ^

2026-07-06 23:04:53,860 - INFO - Extracting sheet: MeridianMart_GoogleForm_SalesLog_S005_June1-15
2026-07-06 23:07:59,016 - ERROR - Failed on S005: APIError: APIError: [503]: The service is currently unavailable.
2026-07-06 23:07:59,017 - INFO - Extracting sheet: MeridianMart_GoogleForm_SalesLog_S006_June1-15
2026-07-06 23:08:01,495 - INFO -   5097 rows fetched from MeridianMart_GoogleForm_SalesLog_S006_June1-15
2026-07-06 23:08:01,516 - ERROR - Failed on S006: UndefinedColumn: column "customer_phone" of relation "transactions" does not exist
LINE 2: ...ons (timestamp, store_id, staff_name, receipt_no, customer_p...
                                                             ^

2026-07-06 23:08:01,518 - INFO - Extracting sheet: MeridianMart_GoogleForm_SalesLog_S007_June1-15
2026-07-06 23:08:03,693 - INFO -   5055 rows fetched from MeridianMart_GoogleForm_SalesLog_S007_June1-15
2026-07-06 23:08:03,712 - ERROR - Failed on S007: UndefinedColumn: column "customer_phone" of relation "transactions" does not exist
LINE 2: ...ons (timestamp, store_id, staff_name, receipt_no, customer_p...
                                                             ^

2026-07-06 23:08:03,713 - INFO - Extracting sheet: MeridianMart_GoogleForm_SalesLog_S008_June1-15
2026-07-06 23:08:04,663 - INFO -   5204 rows fetched from MeridianMart_GoogleForm_SalesLog_S008_June1-15
2026-07-06 23:08:04,678 - ERROR - Failed on S008: UndefinedColumn: column "customer_phone" of relation "transactions" does not exist
LINE 2: ...ons (timestamp, store_id, staff_name, receipt_no, customer_p...
                                                             ^

2026-07-06 23:08:04,680 - INFO - Extracting sheet: MeridianMart_GoogleForm_SalesLog_S009_June1-15
2026-07-06 23:08:06,390 - INFO - === Store Sheet Extraction Started ===
2026-07-06 23:08:06,391 - INFO - Authenticated with Google Sheets API
2026-07-06 23:08:06,437 - INFO - Connected to PostgreSQL
2026-07-06 23:08:06,447 - INFO - Truncated raw.transactions
2026-07-06 23:08:06,447 - INFO - Extracting sheet: MeridianMart_GoogleForm_SalesLog_S001_June1-15
2026-07-06 23:08:07,700 - INFO -   5053 rows fetched from MeridianMart_GoogleForm_SalesLog_S001_June1-15
2026-07-06 23:08:07,722 - ERROR - Failed on S001: UndefinedColumn: column "customer_phone_number" of relation "transactions" does not exist
LINE 2: ...ons (timestamp, store_id, staff_name, receipt_no, customer_p...
                                                             ^

2026-07-06 23:08:07,724 - INFO - Extracting sheet: MeridianMart_Googleform_SalesLog_S002_June1-15
2026-07-06 23:08:09,191 - ERROR - Failed on S002: WorksheetNotFound: MeridianMart_Googleform_SalesLog_S002_June1-15
2026-07-06 23:08:09,191 - INFO - Extracting sheet: MeridianMart_GoogleForm_SalesLog_S003_June1-15
2026-07-06 23:08:10,673 - INFO -   5044 rows fetched from MeridianMart_GoogleForm_SalesLog_S003_June1-15
2026-07-06 23:08:10,689 - ERROR - Failed on S003: UndefinedColumn: column "customer_phone_number" of relation "transactions" does not exist
LINE 2: ...ons (timestamp, store_id, staff_name, receipt_no, customer_p...
                                                             ^

2026-07-06 23:08:10,690 - INFO - Extracting sheet: MeridianMart_GoogleForm_SalesLog_S004_June1-15
2026-07-06 23:08:12,997 - INFO -   5163 rows fetched from MeridianMart_GoogleForm_SalesLog_S004_June1-15
2026-07-06 23:08:13,014 - ERROR - Failed on S004: UndefinedColumn: column "customer_phone_number" of relation "transactions" does not exist
LINE 2: ...ons (timestamp, store_id, staff_name, receipt_no, customer_p...
                                                             ^

2026-07-06 23:08:13,015 - INFO - Extracting sheet: MeridianMart_GoogleForm_SalesLog_S005_June1-15
2026-07-06 23:08:15,523 - INFO -   5084 rows fetched from MeridianMart_GoogleForm_SalesLog_S005_June1-15
2026-07-06 23:08:15,544 - ERROR - Failed on S005: UndefinedColumn: column "customer_phone_number" of relation "transactions" does not exist
LINE 2: ...ons (timestamp, store_id, staff_name, receipt_no, customer_p...
                                                             ^

2026-07-06 23:08:15,545 - INFO - Extracting sheet: MeridianMart_GoogleForm_SalesLog_S006_June1-15
2026-07-06 23:08:17,814 - INFO -   5097 rows fetched from MeridianMart_GoogleForm_SalesLog_S006_June1-15
2026-07-06 23:08:17,875 - ERROR - Failed on S006: UndefinedColumn: column "customer_phone_number" of relation "transactions" does not exist
LINE 2: ...ons (timestamp, store_id, staff_name, receipt_no, customer_p...
                                                             ^

2026-07-06 23:08:17,889 - INFO - Extracting sheet: MeridianMart_GoogleForm_SalesLog_S007_June1-15
2026-07-06 23:08:19,739 - INFO -   5055 rows fetched from MeridianMart_GoogleForm_SalesLog_S007_June1-15
2026-07-06 23:08:19,761 - ERROR - Failed on S007: UndefinedColumn: column "customer_phone_number" of relation "transactions" does not exist
LINE 2: ...ons (timestamp, store_id, staff_name, receipt_no, customer_p...
                                                             ^

2026-07-06 23:08:19,763 - INFO - Extracting sheet: MeridianMart_GoogleForm_SalesLog_S008_June1-15
2026-07-06 23:08:20,795 - INFO -   5204 rows fetched from MeridianMart_GoogleForm_SalesLog_S008_June1-15
2026-07-06 23:08:20,813 - ERROR - Failed on S008: UndefinedColumn: column "customer_phone_number" of relation "transactions" does not exist
LINE 2: ...ons (timestamp, store_id, staff_name, receipt_no, customer_p...
                                                             ^

2026-07-06 23:08:20,814 - INFO - Extracting sheet: MeridianMart_GoogleForm_SalesLog_S009_June1-15
2026-07-06 23:08:22,168 - INFO -   5014 rows fetched from MeridianMart_GoogleForm_SalesLog_S009_June1-15
2026-07-06 23:08:22,188 - ERROR - Failed on S009: UndefinedColumn: column "customer_phone_number" of relation "transactions" does not exist
LINE 2: ...ons (timestamp, store_id, staff_name, receipt_no, customer_p...
                                                             ^

2026-07-06 23:08:22,189 - INFO - Extracting sheet: MeridianMart_GoogleFormS_alesLog_S010_June1-15
2026-07-06 23:08:23,696 - ERROR - Failed on S010: WorksheetNotFound: MeridianMart_GoogleFormS_alesLog_S010_June1-15
2026-07-06 23:08:23,697 - INFO - Extracting sheet: MeridianMart_GoogleForm_SalesLog_S011_June1-15
2026-07-06 23:08:25,736 - INFO -   4989 rows fetched from MeridianMart_GoogleForm_SalesLog_S011_June1-15
2026-07-06 23:08:25,761 - ERROR - Failed on S011: UndefinedColumn: column "customer_phone_number" of relation "transactions" does not exist
LINE 2: ...ons (timestamp, store_id, staff_name, receipt_no, customer_p...
                                                             ^

2026-07-06 23:08:25,762 - INFO - === Extraction Complete: 0 total rows loaded ===
2026-07-06 23:10:16,929 - INFO - === Store Sheet Extraction Started ===
2026-07-06 23:10:16,929 - INFO - Authenticated with Google Sheets API
2026-07-06 23:10:16,980 - INFO - Connected to PostgreSQL
2026-07-06 23:10:16,986 - INFO - Truncated raw.transactions
2026-07-06 23:10:16,987 - INFO - Extracting sheet: MeridianMart_GoogleForm_SalesLog_S001_June1-15
2026-07-06 23:10:18,364 - INFO -   5053 rows fetched from MeridianMart_GoogleForm_SalesLog_S001_June1-15
2026-07-06 23:10:18,475 - INFO -   5053 rows inserted into raw.transactions
2026-07-06 23:10:18,476 - INFO - Extracting sheet: MeridianMart_Googleform_SalesLog_S002_June1-15
2026-07-06 23:10:19,833 - ERROR - Failed on S002: WorksheetNotFound: MeridianMart_Googleform_SalesLog_S002_June1-15
2026-07-06 23:10:19,835 - INFO - Extracting sheet: MeridianMart_GoogleForm_SalesLog_S003_June1-15
2026-07-06 23:10:22,390 - INFO -   5044 rows fetched from MeridianMart_GoogleForm_SalesLog_S003_June1-15
2026-07-06 23:10:22,505 - INFO -   5044 rows inserted into raw.transactions
2026-07-06 23:10:22,506 - INFO - Extracting sheet: MeridianMart_GoogleForm_SalesLog_S004_June1-15
2026-07-06 23:10:24,970 - INFO -   5163 rows fetched from MeridianMart_GoogleForm_SalesLog_S004_June1-15
2026-07-06 23:10:25,093 - INFO -   5163 rows inserted into raw.transactions
2026-07-06 23:10:25,094 - INFO - Extracting sheet: MeridianMart_GoogleForm_SalesLog_S005_June1-15
2026-07-06 23:10:27,447 - INFO -   5084 rows fetched from MeridianMart_GoogleForm_SalesLog_S005_June1-15
2026-07-06 23:10:27,557 - INFO -   5084 rows inserted into raw.transactions
2026-07-06 23:10:27,558 - INFO - Extracting sheet: MeridianMart_GoogleForm_SalesLog_S006_June1-15
2026-07-06 23:10:30,021 - INFO -   5097 rows fetched from MeridianMart_GoogleForm_SalesLog_S006_June1-15
2026-07-06 23:10:30,173 - INFO -   5097 rows inserted into raw.transactions
2026-07-06 23:10:30,174 - INFO - Extracting sheet: MeridianMart_GoogleForm_SalesLog_S007_June1-15
2026-07-06 23:10:32,144 - INFO -   5055 rows fetched from MeridianMart_GoogleForm_SalesLog_S007_June1-15
2026-07-06 23:10:32,264 - INFO -   5055 rows inserted into raw.transactions
2026-07-06 23:10:32,265 - INFO - Extracting sheet: MeridianMart_GoogleForm_SalesLog_S008_June1-15
2026-07-06 23:10:33,225 - INFO -   5204 rows fetched from MeridianMart_GoogleForm_SalesLog_S008_June1-15
2026-07-06 23:10:33,339 - INFO -   5204 rows inserted into raw.transactions
2026-07-06 23:10:33,340 - INFO - Extracting sheet: MeridianMart_GoogleForm_SalesLog_S009_June1-15
2026-07-06 23:10:35,104 - INFO -   5014 rows fetched from MeridianMart_GoogleForm_SalesLog_S009_June1-15
2026-07-06 23:10:35,212 - INFO -   5014 rows inserted into raw.transactions
2026-07-06 23:10:35,213 - INFO - Extracting sheet: MeridianMart_GoogleFormS_alesLog_S010_June1-15
2026-07-06 23:10:36,713 - ERROR - Failed on S010: WorksheetNotFound: MeridianMart_GoogleFormS_alesLog_S010_June1-15
2026-07-06 23:10:36,714 - INFO - Extracting sheet: MeridianMart_GoogleForm_SalesLog_S011_June1-15
2026-07-06 23:10:38,738 - INFO -   4989 rows fetched from MeridianMart_GoogleForm_SalesLog_S011_June1-15
2026-07-06 23:10:38,876 - INFO -   4989 rows inserted into raw.transactions
2026-07-06 23:10:38,877 - INFO - === Extraction Complete: 45703 total rows loaded ===
2026-07-06 23:11:09,842 - ERROR - Failed on S009: APIError: APIError: [503]: The service is currently unavailable.
2026-07-06 23:11:09,843 - INFO - Extracting sheet: MeridianMart_GoogleFormS_alesLog_S010_June1-15
2026-07-06 23:11:10,813 - ERROR - Failed on S010: WorksheetNotFound: MeridianMart_GoogleFormS_alesLog_S010_June1-15
2026-07-06 23:11:10,814 - INFO - Extracting sheet: MeridianMart_GoogleForm_SalesLog_S011_June1-15
2026-07-06 23:11:12,737 - INFO -   4989 rows fetched from MeridianMart_GoogleForm_SalesLog_S011_June1-15
2026-07-06 23:11:12,758 - ERROR - Failed on S011: UndefinedColumn: column "customer_phone" of relation "transactions" does not exist
LINE 2: ...ons (timestamp, store_id, staff_name, receipt_no, customer_p...
                                                             ^

2026-07-06 23:11:12,759 - INFO - === Extraction Complete: 0 total rows loaded ===
2026-07-06 23:20:48,643 - INFO - === Store Sheet Extraction Started ===
2026-07-06 23:20:48,644 - INFO - Authenticated with Google Sheets API
2026-07-06 23:20:48,696 - INFO - Connected to PostgreSQL
2026-07-06 23:20:48,726 - INFO - Truncated raw.transactions
2026-07-06 23:20:48,728 - INFO - Extracting sheet: MeridianMart_GoogleForm_SalesLog_S001_June1-15
2026-07-06 23:20:51,420 - INFO -   5053 rows fetched from MeridianMart_GoogleForm_SalesLog_S001_June1-15
2026-07-06 23:20:51,546 - INFO -   5053 rows inserted into raw.transactions
2026-07-06 23:20:51,547 - INFO - Extracting sheet: MeridianMart_Googleform_SalesLog_S002_June1-15
2026-07-06 23:20:52,864 - ERROR - Failed on S002: WorksheetNotFound: MeridianMart_Googleform_SalesLog_S002_June1-15
2026-07-06 23:20:52,865 - INFO - Extracting sheet: MeridianMart_GoogleForm_SalesLog_S003_June1-15
2026-07-06 23:20:55,624 - INFO -   5044 rows fetched from MeridianMart_GoogleForm_SalesLog_S003_June1-15
2026-07-06 23:20:55,750 - INFO -   5044 rows inserted into raw.transactions
2026-07-06 23:20:55,751 - INFO - Extracting sheet: MeridianMart_GoogleForm_SalesLog_S004_June1-15
2026-07-06 23:20:58,395 - INFO -   5163 rows fetched from MeridianMart_GoogleForm_SalesLog_S004_June1-15
2026-07-06 23:20:58,501 - INFO -   5163 rows inserted into raw.transactions
2026-07-06 23:20:58,503 - INFO - Extracting sheet: MeridianMart_GoogleForm_SalesLog_S005_June1-15
2026-07-06 23:21:01,421 - INFO -   5084 rows fetched from MeridianMart_GoogleForm_SalesLog_S005_June1-15
2026-07-06 23:21:01,551 - INFO -   5084 rows inserted into raw.transactions
2026-07-06 23:21:01,552 - INFO - Extracting sheet: MeridianMart_GoogleForm_SalesLog_S006_June1-15
2026-07-06 23:21:04,034 - INFO -   5097 rows fetched from MeridianMart_GoogleForm_SalesLog_S006_June1-15
2026-07-06 23:21:04,163 - INFO -   5097 rows inserted into raw.transactions
2026-07-06 23:21:04,164 - INFO - Extracting sheet: MeridianMart_GoogleForm_SalesLog_S007_June1-15
2026-07-06 23:21:06,458 - INFO -   5055 rows fetched from MeridianMart_GoogleForm_SalesLog_S007_June1-15
2026-07-06 23:21:06,571 - INFO -   5055 rows inserted into raw.transactions
2026-07-06 23:21:06,572 - INFO - Extracting sheet: MeridianMart_GoogleForm_SalesLog_S008_June1-15
2026-07-06 23:21:07,448 - INFO -   5204 rows fetched from MeridianMart_GoogleForm_SalesLog_S008_June1-15
2026-07-06 23:21:07,577 - INFO -   5204 rows inserted into raw.transactions
2026-07-06 23:21:07,578 - INFO - Extracting sheet: MeridianMart_GoogleForm_SalesLog_S009_June1-15
2026-07-06 23:21:09,197 - INFO -   5014 rows fetched from MeridianMart_GoogleForm_SalesLog_S009_June1-15
2026-07-06 23:21:09,308 - INFO -   5014 rows inserted into raw.transactions
2026-07-06 23:21:09,309 - INFO - Extracting sheet: MeridianMart_GoogleFormS_alesLog_S010_June1-15
2026-07-06 23:21:10,175 - ERROR - Failed on S010: WorksheetNotFound: MeridianMart_GoogleFormS_alesLog_S010_June1-15
2026-07-06 23:21:10,175 - INFO - Extracting sheet: MeridianMart_GoogleForm_SalesLog_S011_June1-15
2026-07-06 23:21:12,223 - INFO -   4989 rows fetched from MeridianMart_GoogleForm_SalesLog_S011_June1-15
2026-07-06 23:21:12,336 - INFO -   4989 rows inserted into raw.transactions
2026-07-06 23:21:12,337 - INFO - === Extraction Complete: 45703 total rows loaded ===
2026-07-06 23:31:10,727 - INFO - === Store Sheet Extraction Started ===
2026-07-06 23:31:10,728 - INFO - Authenticated with Google Sheets API
2026-07-06 23:31:10,765 - INFO - Connected to PostgreSQL
2026-07-06 23:31:10,788 - INFO - Truncated raw.transactions
2026-07-06 23:31:10,788 - INFO - Extracting sheet: MeridianMart_GoogleForm_SalesLog_S001_June1-15
2026-07-06 23:31:12,448 - INFO -   5053 rows fetched from MeridianMart_GoogleForm_SalesLog_S001_June1-15
2026-07-06 23:31:12,545 - INFO -   5053 rows inserted into raw.transactions
2026-07-06 23:31:12,546 - INFO - Extracting sheet: MeridianMart_GoogleForm_SalesLog_S002_June1-15
2026-07-06 23:31:15,835 - INFO -   5229 rows fetched from MeridianMart_GoogleForm_SalesLog_S002_June1-15
2026-07-06 23:31:15,931 - INFO -   5229 rows inserted into raw.transactions
2026-07-06 23:31:15,932 - INFO - Extracting sheet: MeridianMart_GoogleForm_SalesLog_S003_June1-15
2026-07-06 23:31:18,007 - INFO -   5044 rows fetched from MeridianMart_GoogleForm_SalesLog_S003_June1-15
2026-07-06 23:31:18,102 - INFO -   5044 rows inserted into raw.transactions
2026-07-06 23:31:18,103 - INFO - Extracting sheet: MeridianMart_GoogleForm_SalesLog_S004_June1-15
2026-07-06 23:32:18,445 - INFO - === Store Sheet Extraction Started ===
2026-07-06 23:32:18,445 - INFO - Authenticated with Google Sheets API
2026-07-06 23:32:18,484 - INFO - Connected to PostgreSQL
2026-07-06 23:32:18,493 - INFO - Truncated raw.transactions
2026-07-06 23:32:18,494 - INFO - Extracting sheet: MeridianMart_GoogleForm_SalesLog_S001_June1-15
2026-07-06 23:32:20,195 - INFO -   5053 rows fetched from MeridianMart_GoogleForm_SalesLog_S001_June1-15
2026-07-06 23:32:20,288 - INFO -   5053 rows inserted into raw.transactions
2026-07-06 23:32:20,289 - INFO - Extracting sheet: MeridianMart_GoogleForm_SalesLog_S002_June1-15
2026-07-06 23:32:22,713 - INFO -   5229 rows fetched from MeridianMart_GoogleForm_SalesLog_S002_June1-15
2026-07-06 23:32:22,808 - INFO -   5229 rows inserted into raw.transactions
2026-07-06 23:32:22,809 - INFO - Extracting sheet: MeridianMart_GoogleForm_SalesLog_S003_June1-15
2026-07-06 23:32:24,587 - INFO -   5044 rows fetched from MeridianMart_GoogleForm_SalesLog_S003_June1-15
2026-07-06 23:32:24,695 - INFO -   5044 rows inserted into raw.transactions
2026-07-06 23:32:24,696 - INFO - Extracting sheet: MeridianMart_GoogleForm_SalesLog_S004_June1-15
2026-07-06 23:33:57,538 - INFO - === Store Sheet Extraction Started ===
2026-07-06 23:33:57,538 - INFO - Authenticated with Google Sheets API
2026-07-06 23:33:57,580 - INFO - Connected to PostgreSQL
2026-07-06 23:33:57,586 - INFO - Truncated raw.transactions
2026-07-06 23:33:57,586 - INFO - Extracting sheet: MeridianMart_GoogleForm_SalesLog_S001_June1-15
2026-07-06 23:33:58,761 - INFO -   5053 rows fetched from MeridianMart_GoogleForm_SalesLog_S001_June1-15
2026-07-06 23:33:58,854 - INFO -   5053 rows inserted into raw.transactions
2026-07-06 23:33:58,855 - INFO - Extracting sheet: MeridianMart_GoogleForm_SalesLog_S002_June1-15
2026-07-06 23:34:00,383 - INFO -   5229 rows fetched from MeridianMart_GoogleForm_SalesLog_S002_June1-15
2026-07-06 23:34:00,477 - INFO -   5229 rows inserted into raw.transactions
2026-07-06 23:34:00,478 - INFO - Extracting sheet: MeridianMart_GoogleForm_SalesLog_S003_June1-15
2026-07-06 23:34:02,258 - INFO -   5044 rows fetched from MeridianMart_GoogleForm_SalesLog_S003_June1-15
2026-07-06 23:34:02,355 - INFO -   5044 rows inserted into raw.transactions
2026-07-06 23:34:02,356 - INFO - Extracting sheet: MeridianMart_GoogleForm_SalesLog_S004_June1-15
2026-07-06 23:34:23,659 - ERROR - Failed on S004: APIError: APIError: [503]: The service is currently unavailable.
2026-07-06 23:34:23,660 - INFO - Extracting sheet: MeridianMart_GoogleForm_SalesLog_S005_June1-15
2026-07-06 23:34:26,514 - INFO -   5084 rows fetched from MeridianMart_GoogleForm_SalesLog_S005_June1-15
2026-07-06 23:34:26,611 - INFO -   5084 rows inserted into raw.transactions
2026-07-06 23:34:26,611 - INFO - Extracting sheet: MeridianMart_GoogleForm_SalesLog_S006_June1-15
2026-07-06 23:34:28,909 - INFO -   5097 rows fetched from MeridianMart_GoogleForm_SalesLog_S006_June1-15
2026-07-06 23:34:28,995 - INFO -   5097 rows inserted into raw.transactions
2026-07-06 23:34:28,996 - INFO - Extracting sheet: MeridianMart_GoogleForm_SalesLog_S007_June1-15
2026-07-06 23:34:30,616 - INFO -   5055 rows fetched from MeridianMart_GoogleForm_SalesLog_S007_June1-15
2026-07-06 23:34:30,700 - INFO -   5055 rows inserted into raw.transactions
2026-07-06 23:34:30,701 - INFO - Extracting sheet: MeridianMart_GoogleForm_SalesLog_S008_June1-15
2026-07-06 23:34:31,750 - INFO -   5204 rows fetched from MeridianMart_GoogleForm_SalesLog_S008_June1-15
2026-07-06 23:34:31,841 - INFO -   5204 rows inserted into raw.transactions
2026-07-06 23:34:31,842 - INFO - Extracting sheet: MeridianMart_GoogleForm_SalesLog_S009_June1-15
2026-07-06 23:34:33,654 - INFO -   5014 rows fetched from MeridianMart_GoogleForm_SalesLog_S009_June1-15
2026-07-06 23:34:33,736 - INFO -   5014 rows inserted into raw.transactions
2026-07-06 23:34:33,737 - INFO - Extracting sheet: MeridianMart_GoogleForm_SalesLog_S010_June1-15
2026-07-06 23:34:35,571 - INFO -   5207 rows fetched from MeridianMart_GoogleForm_SalesLog_S010_June1-15
2026-07-06 23:34:35,660 - INFO -   5207 rows inserted into raw.transactions
2026-07-06 23:34:35,661 - INFO - Extracting sheet: MeridianMart_GoogleForm_SalesLog_S011_June1-15
2026-07-06 23:34:37,439 - INFO -   4989 rows fetched from MeridianMart_GoogleForm_SalesLog_S011_June1-15
2026-07-06 23:34:37,522 - INFO -   4989 rows inserted into raw.transactions
2026-07-06 23:34:37,523 - INFO - === Extraction Complete: 50976 total rows loaded ===
2026-07-06 23:35:30,260 - ERROR - Failed on S004: APIError: APIError: [503]: The service is currently unavailable.
2026-07-06 23:35:30,261 - INFO - Extracting sheet: MeridianMart_GoogleForm_SalesLog_S005_June1-15
2026-07-06 23:35:31,719 - INFO -   5084 rows fetched from MeridianMart_GoogleForm_SalesLog_S005_June1-15
2026-07-06 23:35:31,841 - INFO -   5084 rows inserted into raw.transactions
2026-07-06 23:35:31,842 - INFO - Extracting sheet: MeridianMart_GoogleForm_SalesLog_S006_June1-15
2026-07-06 23:35:33,720 - INFO -   5097 rows fetched from MeridianMart_GoogleForm_SalesLog_S006_June1-15
2026-07-06 23:35:33,848 - INFO -   5097 rows inserted into raw.transactions
2026-07-06 23:35:33,849 - INFO - Extracting sheet: MeridianMart_GoogleForm_SalesLog_S007_June1-15
2026-07-06 23:35:36,172 - INFO -   5055 rows fetched from MeridianMart_GoogleForm_SalesLog_S007_June1-15
2026-07-06 23:35:36,313 - INFO -   5055 rows inserted into raw.transactions
2026-07-06 23:35:36,314 - INFO - Extracting sheet: MeridianMart_GoogleForm_SalesLog_S008_June1-15
2026-07-06 23:35:37,430 - INFO -   5204 rows fetched from MeridianMart_GoogleForm_SalesLog_S008_June1-15
2026-07-06 23:35:37,620 - INFO -   5204 rows inserted into raw.transactions
2026-07-06 23:35:37,621 - INFO - Extracting sheet: MeridianMart_GoogleForm_SalesLog_S009_June1-15
2026-07-06 23:35:39,459 - INFO -   5014 rows fetched from MeridianMart_GoogleForm_SalesLog_S009_June1-15
2026-07-06 23:35:39,565 - INFO -   5014 rows inserted into raw.transactions
2026-07-06 23:35:39,566 - INFO - Extracting sheet: MeridianMart_GoogleForm_SalesLog_S010_June1-15
2026-07-06 23:35:41,886 - INFO -   5207 rows fetched from MeridianMart_GoogleForm_SalesLog_S010_June1-15
2026-07-06 23:35:42,000 - INFO -   5207 rows inserted into raw.transactions
2026-07-06 23:35:42,001 - INFO - Extracting sheet: MeridianMart_GoogleForm_SalesLog_S011_June1-15
2026-07-06 23:35:43,410 - INFO -   4989 rows fetched from MeridianMart_GoogleForm_SalesLog_S011_June1-15
2026-07-06 23:35:43,508 - INFO -   4989 rows inserted into raw.transactions
2026-07-06 23:35:43,509 - INFO - === Extraction Complete: 50976 total rows loaded ===
2026-07-06 23:37:07,931 - ERROR - Failed on S004: APIError: APIError: [503]: The service is currently unavailable.
2026-07-06 23:37:07,936 - INFO - Extracting sheet: MeridianMart_GoogleForm_SalesLog_S005_June1-15
2026-07-06 23:37:10,272 - INFO -   5084 rows fetched from MeridianMart_GoogleForm_SalesLog_S005_June1-15
2026-07-06 23:37:10,399 - INFO -   5084 rows inserted into raw.transactions
2026-07-06 23:37:10,400 - INFO - Extracting sheet: MeridianMart_GoogleForm_SalesLog_S006_June1-15
2026-07-06 23:37:12,758 - INFO -   5097 rows fetched from MeridianMart_GoogleForm_SalesLog_S006_June1-15
2026-07-06 23:37:12,871 - INFO -   5097 rows inserted into raw.transactions
2026-07-06 23:37:12,872 - INFO - Extracting sheet: MeridianMart_GoogleForm_SalesLog_S007_June1-15
2026-07-06 23:37:14,693 - INFO -   5055 rows fetched from MeridianMart_GoogleForm_SalesLog_S007_June1-15
2026-07-06 23:37:14,779 - INFO -   5055 rows inserted into raw.transactions
2026-07-06 23:37:14,780 - INFO - Extracting sheet: MeridianMart_GoogleForm_SalesLog_S008_June1-15
2026-07-06 23:37:15,799 - INFO -   5204 rows fetched from MeridianMart_GoogleForm_SalesLog_S008_June1-15
2026-07-06 23:37:15,916 - INFO -   5204 rows inserted into raw.transactions
2026-07-06 23:37:15,917 - INFO - Extracting sheet: MeridianMart_GoogleForm_SalesLog_S009_June1-15
2026-07-06 23:37:17,275 - INFO -   5014 rows fetched from MeridianMart_GoogleForm_SalesLog_S009_June1-15
2026-07-06 23:37:17,386 - INFO -   5014 rows inserted into raw.transactions
2026-07-06 23:37:17,388 - INFO - Extracting sheet: MeridianMart_GoogleForm_SalesLog_S010_June1-15
2026-07-06 23:37:19,817 - INFO -   5207 rows fetched from MeridianMart_GoogleForm_SalesLog_S010_June1-15
2026-07-06 23:37:19,926 - INFO -   5207 rows inserted into raw.transactions
2026-07-06 23:37:19,927 - INFO - Extracting sheet: MeridianMart_GoogleForm_SalesLog_S011_June1-15
2026-07-06 23:37:22,330 - INFO -   4989 rows fetched from MeridianMart_GoogleForm_SalesLog_S011_June1-15
2026-07-06 23:37:22,419 - INFO -   4989 rows inserted into raw.transactions
2026-07-06 23:37:22,420 - INFO - === Extraction Complete: 50976 total rows loaded ===
2026-07-06 23:42:31,999 - INFO - === Store Sheet Extraction Started ===
2026-07-06 23:42:32,000 - INFO - Authenticated with Google Sheets API
2026-07-06 23:42:32,047 - INFO - Connected to PostgreSQL
2026-07-06 23:42:32,082 - INFO - Truncated raw.transactions
2026-07-06 23:42:32,083 - INFO - Extracting sheet: MeridianMart_GoogleForm_SalesLog_S001_June1-15
2026-07-06 23:42:34,266 - INFO -   5053 rows fetched from MeridianMart_GoogleForm_SalesLog_S001_June1-15
2026-07-06 23:42:34,291 - ERROR - Failed on S001: UndefinedColumn: column "source_sheet" of relation "transactions" does not exist
LINE 2: ...optional, product_sold, quantity, payment_method, source_she...
                                                             ^

2026-07-06 23:42:34,292 - INFO - Extracting sheet: MeridianMart_GoogleForm_SalesLog_S002_June1-15
2026-07-06 23:42:35,247 - INFO -   5229 rows fetched from MeridianMart_GoogleForm_SalesLog_S002_June1-15
2026-07-06 23:42:35,269 - ERROR - Failed on S002: UndefinedColumn: column "source_sheet" of relation "transactions" does not exist
LINE 2: ...optional, product_sold, quantity, payment_method, source_she...
                                                             ^

2026-07-06 23:42:35,270 - INFO - Extracting sheet: MeridianMart_GoogleForm_SalesLog_S003_June1-15
2026-07-06 23:42:37,407 - INFO -   5044 rows fetched from MeridianMart_GoogleForm_SalesLog_S003_June1-15
2026-07-06 23:42:37,434 - ERROR - Failed on S003: UndefinedColumn: column "source_sheet" of relation "transactions" does not exist
LINE 2: ...optional, product_sold, quantity, payment_method, source_she...
                                                             ^

2026-07-06 23:42:37,435 - INFO - Extracting sheet: MeridianMart_GoogleForm_SalesLog_S004_June1-15
2026-07-06 23:42:38,656 - INFO -   5163 rows fetched from MeridianMart_GoogleForm_SalesLog_S004_June1-15
2026-07-06 23:42:38,682 - ERROR - Failed on S004: UndefinedColumn: column "source_sheet" of relation "transactions" does not exist
LINE 2: ...optional, product_sold, quantity, payment_method, source_she...
                                                             ^

2026-07-06 23:42:38,684 - INFO - Extracting sheet: MeridianMart_GoogleForm_SalesLog_S005_June1-15
2026-07-06 23:42:40,797 - INFO -   5084 rows fetched from MeridianMart_GoogleForm_SalesLog_S005_June1-15
2026-07-06 23:42:40,823 - ERROR - Failed on S005: UndefinedColumn: column "source_sheet" of relation "transactions" does not exist
LINE 2: ...optional, product_sold, quantity, payment_method, source_she...
                                                             ^

2026-07-06 23:42:40,824 - INFO - Extracting sheet: MeridianMart_GoogleForm_SalesLog_S006_June1-15
2026-07-06 23:42:42,670 - INFO -   5097 rows fetched from MeridianMart_GoogleForm_SalesLog_S006_June1-15
2026-07-06 23:42:42,699 - ERROR - Failed on S006: UndefinedColumn: column "source_sheet" of relation "transactions" does not exist
LINE 2: ...optional, product_sold, quantity, payment_method, source_she...
                                                             ^

2026-07-06 23:42:42,700 - INFO - Extracting sheet: MeridianMart_GoogleForm_SalesLog_S007_June1-15
2026-07-06 23:42:45,204 - INFO -   5055 rows fetched from MeridianMart_GoogleForm_SalesLog_S007_June1-15
2026-07-06 23:42:45,228 - ERROR - Failed on S007: UndefinedColumn: column "source_sheet" of relation "transactions" does not exist
LINE 2: ...optional, product_sold, quantity, payment_method, source_she...
                                                             ^

2026-07-06 23:42:45,230 - INFO - Extracting sheet: MeridianMart_GoogleForm_SalesLog_S008_June1-15
2026-07-06 23:42:46,414 - INFO -   5204 rows fetched from MeridianMart_GoogleForm_SalesLog_S008_June1-15
2026-07-06 23:42:46,453 - ERROR - Failed on S008: UndefinedColumn: column "source_sheet" of relation "transactions" does not exist
LINE 2: ...optional, product_sold, quantity, payment_method, source_she...
                                                             ^

2026-07-06 23:42:46,456 - INFO - Extracting sheet: MeridianMart_GoogleForm_SalesLog_S009_June1-15
2026-07-06 23:42:47,666 - INFO -   5014 rows fetched from MeridianMart_GoogleForm_SalesLog_S009_June1-15
2026-07-06 23:42:47,695 - ERROR - Failed on S009: UndefinedColumn: column "source_sheet" of relation "transactions" does not exist
LINE 2: ...optional, product_sold, quantity, payment_method, source_she...
                                                             ^

2026-07-06 23:42:47,696 - INFO - Extracting sheet: MeridianMart_GoogleForm_SalesLog_S010_June1-15
2026-07-06 23:42:50,021 - INFO -   5207 rows fetched from MeridianMart_GoogleForm_SalesLog_S010_June1-15
2026-07-06 23:42:50,063 - ERROR - Failed on S010: UndefinedColumn: column "source_sheet" of relation "transactions" does not exist
LINE 2: ...optional, product_sold, quantity, payment_method, source_she...
                                                             ^

2026-07-06 23:42:50,064 - INFO - Extracting sheet: MeridianMart_GoogleForm_SalesLog_S011_June1-15
2026-07-06 23:42:52,371 - INFO -   4989 rows fetched from MeridianMart_GoogleForm_SalesLog_S011_June1-15
2026-07-06 23:42:52,409 - ERROR - Failed on S011: UndefinedColumn: column "source_sheet" of relation "transactions" does not exist
LINE 2: ...optional, product_sold, quantity, payment_method, source_she...
                                                             ^

2026-07-06 23:42:52,411 - INFO - === Extraction Complete: 0 total rows loaded ===
2026-07-06 23:46:07,540 - INFO - === Store Sheet Extraction Started ===
2026-07-06 23:46:07,540 - INFO - Authenticated with Google Sheets API
2026-07-06 23:46:07,586 - INFO - Connected to PostgreSQL
2026-07-06 23:46:07,597 - INFO - Truncated raw.transactions
2026-07-06 23:46:07,598 - INFO - Extracting sheet: MeridianMart_GoogleForm_SalesLog_S001_June1-15
2026-07-06 23:46:08,941 - INFO -   5053 rows fetched from MeridianMart_GoogleForm_SalesLog_S001_June1-15
2026-07-06 23:46:09,128 - INFO -   5053 rows inserted into raw.transactions
2026-07-06 23:46:09,130 - INFO - Extracting sheet: MeridianMart_GoogleForm_SalesLog_S002_June1-15
2026-07-06 23:46:11,068 - INFO -   5229 rows fetched from MeridianMart_GoogleForm_SalesLog_S002_June1-15
2026-07-06 23:46:11,173 - INFO -   5229 rows inserted into raw.transactions
2026-07-06 23:46:11,174 - INFO - Extracting sheet: MeridianMart_GoogleForm_SalesLog_S003_June1-15
2026-07-06 23:46:12,664 - INFO -   5044 rows fetched from MeridianMart_GoogleForm_SalesLog_S003_June1-15
2026-07-06 23:46:12,792 - INFO -   5044 rows inserted into raw.transactions
2026-07-06 23:46:12,794 - INFO - Extracting sheet: MeridianMart_GoogleForm_SalesLog_S004_June1-15
2026-07-06 23:46:15,225 - INFO -   5163 rows fetched from MeridianMart_GoogleForm_SalesLog_S004_June1-15
2026-07-06 23:46:15,351 - INFO -   5163 rows inserted into raw.transactions
2026-07-06 23:46:15,353 - INFO - Extracting sheet: MeridianMart_GoogleForm_SalesLog_S005_June1-15
2026-07-06 23:46:17,212 - INFO -   5084 rows fetched from MeridianMart_GoogleForm_SalesLog_S005_June1-15
2026-07-06 23:46:17,337 - INFO -   5084 rows inserted into raw.transactions
2026-07-06 23:46:17,339 - INFO - Extracting sheet: MeridianMart_GoogleForm_SalesLog_S006_June1-15
2026-07-06 23:46:19,065 - INFO -   5097 rows fetched from MeridianMart_GoogleForm_SalesLog_S006_June1-15
2026-07-06 23:46:19,194 - INFO -   5097 rows inserted into raw.transactions
2026-07-06 23:46:19,195 - INFO - Extracting sheet: MeridianMart_GoogleForm_SalesLog_S007_June1-15
2026-07-06 23:46:20,644 - INFO -   5055 rows fetched from MeridianMart_GoogleForm_SalesLog_S007_June1-15
2026-07-06 23:46:20,748 - INFO -   5055 rows inserted into raw.transactions
2026-07-06 23:46:20,749 - INFO - Extracting sheet: MeridianMart_GoogleForm_SalesLog_S008_June1-15
2026-07-06 23:46:21,519 - INFO -   5204 rows fetched from MeridianMart_GoogleForm_SalesLog_S008_June1-15
2026-07-06 23:46:21,642 - INFO -   5204 rows inserted into raw.transactions
2026-07-06 23:46:21,644 - INFO - Extracting sheet: MeridianMart_GoogleForm_SalesLog_S009_June1-15
2026-07-06 23:46:23,112 - INFO -   5014 rows fetched from MeridianMart_GoogleForm_SalesLog_S009_June1-15
2026-07-06 23:46:23,239 - INFO -   5014 rows inserted into raw.transactions
2026-07-06 23:46:23,241 - INFO - Extracting sheet: MeridianMart_GoogleForm_SalesLog_S010_June1-15
2026-07-06 23:46:26,240 - INFO -   5207 rows fetched from MeridianMart_GoogleForm_SalesLog_S010_June1-15
2026-07-06 23:46:26,420 - INFO -   5207 rows inserted into raw.transactions
2026-07-06 23:46:26,428 - INFO - Extracting sheet: MeridianMart_GoogleForm_SalesLog_S011_June1-15
2026-07-06 23:46:27,802 - INFO -   4989 rows fetched from MeridianMart_GoogleForm_SalesLog_S011_June1-15
2026-07-06 23:46:27,920 - INFO -   4989 rows inserted into raw.transactions
2026-07-06 23:46:27,921 - INFO - === Extraction Complete: 56139 total rows loaded ===
